android/app/build/outputs/logs/manifest-merger-debug-report.txt
-- Merging decision tree log ---
application
INJECTED from src\main\AndroidManifest.xml:6:4-83:19
MERGED from [:firebase_auth] AndroidManifest.xml:9:5-15:19
MERGED from [:firebase_auth] AndroidManifest.xml:9:5-15:19
MERGED from [:firebase_messaging] AndroidManifest.xml:13:5-46:19
MERGED from [:firebase_messaging] AndroidManifest.xml:13:5-46:19
MERGED from [:firebase_core] AndroidManifest.xml:9:5-15:19
MERGED from [:firebase_core] AndroidManifest.xml:9:5-15:19
MERGED from [:flutter_local_notifications] AndroidManifest.xml:15:5-29:19
MERGED from [:flutter_local_notifications] AndroidManifest.xml:15:5-29:19
MERGED from [:url_launcher_android] AndroidManifest.xml:9:5-14:19
MERGED from [:url_launcher_android] AndroidManifest.xml:9:5-14:19
MERGED from [androidx.window:window:1.0.0-beta04] AndroidManifest.xml:24:5-31:19
MERGED from [androidx.window:window:1.0.0-beta04] AndroidManifest.xml:24:5-31:19
MERGED from [com.google.firebase:firebase-core:21.1.1] AndroidManifest.xml:7:5-20
MERGED from [com.google.firebase:firebase-core:21.1.1] AndroidManifest.xml:7:5-20
MERGED from [com.google.firebase:firebase-analytics:21.1.1] AndroidManifest.xml:7:5-20
MERGED from [com.google.firebase:firebase-analytics:21.1.1] AndroidManifest.xml:7:5-20
MERGED from [com.google.firebase:firebase-crashlytics:18.2.13] AndroidManifest.xml:14:5-22:19
MERGED from [com.google.firebase:firebase-crashlytics:18.2.13] AndroidManifest.xml:14:5-22:19
MERGED from [com.google.firebase:firebase-auth:21.0.8] AndroidManifest.xml:26:5-71:19
MERGED from [com.google.firebase:firebase-auth:21.0.8] AndroidManifest.xml:26:5-71:19
MERGED from [com.google.firebase:firebase-messaging:23.0.8] AndroidManifest.xml:31:5-60:19
MERGED from [com.google.firebase:firebase-messaging:23.0.8] AndroidManifest.xml:31:5-60:19
MERGED from [com.google.firebase:firebase-datatransport:18.1.6] AndroidManifest.xml:24:5-32:19
MERGED from [com.google.firebase:firebase-datatransport:18.1.6] AndroidManifest.xml:24:5-32:19
MERGED from [com.google.android.datatransport:transport-backend-cct:3.1.7] AndroidManifest.xml:28:5-36:19
MERGED from [com.google.android.datatransport:transport-backend-cct:3.1.7] AndroidManifest.xml:28:5-36:19
MERGED from [com.google.android.datatransport:transport-runtime:3.1.7] AndroidManifest.xml:25:5-39:19
MERGED from [com.google.android.datatransport:transport-runtime:3.1.7] AndroidManifest.xml:25:5-39:19
MERGED from [com.google.android.gms:play-services-measurement-api:21.1.1] AndroidManifest.xml:27:5-35:19
MERGED from [com.google.android.gms:play-services-measurement-api:21.1.1] AndroidManifest.xml:27:5-35:19
MERGED from [com.google.firebase:firebase-auth-interop:20.0.0] AndroidManifest.xml:7:5-8:19
MERGED from [com.google.firebase:firebase-auth-interop:20.0.0] AndroidManifest.xml:7:5-8:19
MERGED from [com.google.firebase:firebase-installations:17.0.2] AndroidManifest.xml:14:5-22:19
MERGED from [com.google.firebase:firebase-installations:17.0.2] AndroidManifest.xml:14:5-22:19
MERGED from [com.google.firebase:firebase-common:20.1.2] AndroidManifest.xml:25:5-38:19
MERGED from [com.google.firebase:firebase-common:20.1.2] AndroidManifest.xml:25:5-38:19
MERGED from [com.google.android.gms:play-services-auth:20.0.1] AndroidManifest.xml:22:5-38:19
MERGED from [com.google.android.gms:play-services-auth:20.0.1] AndroidManifest.xml:22:5-38:19
MERGED from [com.facebook.android:facebook-login:14.1.1] AndroidManifest.xml:28:5-29:19
MERGED from [com.facebook.android:facebook-login:14.1.1] AndroidManifest.xml:28:5-29:19
MERGED from [com.facebook.android:facebook-common:14.1.1] AndroidManifest.xml:33:5-54:19
MERGED from [com.facebook.android:facebook-common:14.1.1] AndroidManifest.xml:33:5-54:19
MERGED from [com.facebook.android:facebook-core:14.1.1] AndroidManifest.xml:30:5-60:19
MERGED from [com.facebook.android:facebook-core:14.1.1] AndroidManifest.xml:30:5-60:19
MERGED from [com.facebook.android:facebook-bolts:14.1.1] AndroidManifest.xml:28:5-29:19
MERGED from [com.facebook.android:facebook-bolts:14.1.1] AndroidManifest.xml:28:5-29:19
MERGED from [com.google.android.gms:play-services-measurement:21.1.1] AndroidManifest.xml:28:5-44:19
MERGED from [com.google.android.gms:play-services-measurement:21.1.1] AndroidManifest.xml:28:5-44:19
MERGED from [com.google.android.gms:play-services-measurement-sdk:21.1.1] AndroidManifest.xml:22:5-23:19
MERGED from [com.google.android.gms:play-services-measurement-sdk:21.1.1] AndroidManifest.xml:22:5-23:19
MERGED from [com.google.android.gms:play-services-safetynet:17.0.0] AndroidManifest.xml:22:5-20
MERGED from [com.google.android.gms:play-services-safetynet:17.0.0] AndroidManifest.xml:22:5-20
MERGED from [com.google.android.gms:play-services-base:18.0.1] AndroidManifest.xml:19:5-23:19
MERGED from [com.google.android.gms:play-services-base:18.0.1] AndroidManifest.xml:19:5-23:19
MERGED from [com.google.firebase:firebase-iid-interop:17.1.0] AndroidManifest.xml:7:5-8:19
MERGED from [com.google.firebase:firebase-iid-interop:17.1.0] AndroidManifest.xml:7:5-8:19
MERGED from [com.google.android.gms:play-services-tasks:18.0.1] AndroidManifest.xml:5:5-20
MERGED from [com.google.android.gms:play-services-tasks:18.0.1] AndroidManifest.xml:5:5-20
MERGED from [com.google.android.gms:play-services-measurement-impl:21.1.1] AndroidManifest.xml:29:5-30:19
MERGED from [com.google.android.gms:play-services-measurement-impl:21.1.1] AndroidManifest.xml:29:5-30:19
MERGED from [com.google.android.gms:play-services-ads-identifier:18.0.0] AndroidManifest.xml:25:5-20
MERGED from [com.google.android.gms:play-services-ads-identifier:18.0.0] AndroidManifest.xml:25:5-20
MERGED from [com.google.android.gms:play-services-measurement-base:21.1.1] AndroidManifest.xml:7:5-20
MERGED from [com.google.android.gms:play-services-measurement-base:21.1.1] AndroidManifest.xml:7:5-20
MERGED from [com.google.android.gms:play-services-stats:17.0.2] AndroidManifest.xml:7:5-20
MERGED from [com.google.android.gms:play-services-stats:17.0.2] AndroidManifest.xml:7:5-20
MERGED from [com.google.firebase:firebase-measurement-connector:19.0.0] AndroidManifest.xml:22:5-23:19
MERGED from [com.google.firebase:firebase-measurement-connector:19.0.0] AndroidManifest.xml:22:5-23:19
MERGED from [com.google.android.gms:play-services-basement:18.1.0] AndroidManifest.xml:20:5-24:19
MERGED from [com.google.android.gms:play-services-basement:18.1.0] AndroidManifest.xml:20:5-24:19
MERGED from [androidx.core:core:1.7.0] AndroidManifest.xml:24:5-89
MERGED from [androidx.core:core:1.7.0] AndroidManifest.xml:24:5-89
MERGED from [androidx.versionedparcelable:versionedparcelable:1.1.1] AndroidManifest.xml:24:5-25:19
MERGED from [androidx.versionedparcelable:versionedparcelable:1.1.1] AndroidManifest.xml:24:5-25:19
MERGED from [com.jakewharton.threetenabp:threetenabp:1.2.3] AndroidManifest.xml:7:5-20
MERGED from [com.jakewharton.threetenabp:threetenabp:1.2.3] AndroidManifest.xml:7:5-20
MERGED from [com.android.installreferrer:installreferrer:1.0] AndroidManifest.xml:11:5-20
MERGED from [com.android.installreferrer:installreferrer:1.0] AndroidManifest.xml:11:5-20
	android:appComponentFactory
		ADDED from [androidx.core:core:1.7.0] AndroidManifest.xml:24:18-86
	android:supportsRtl
		ADDED from [com.facebook.android:facebook-login:14.1.1] AndroidManifest.xml:28:18-44
	android:name
		INJECTED from src\main\AndroidManifest.xml
provider#androidx.core.content.FileProvider
INJECTED from src\main\AndroidManifest.xml:73:14-82:12
	android:authorities
		INJECTED from src\main\AndroidManifest.xml
manifest
ADDED from src\main\AndroidManifest.xml:1:1-84:12
INJECTED from src\main\AndroidManifest.xml:1:1-84:12
INJECTED from src\main\AndroidManifest.xml:1:1-84:12
INJECTED from src\main\AndroidManifest.xml:1:1-84:12
MERGED from src\main\AndroidManifest.xml:1:1-84:12
MERGED from [:sms_autofill] AndroidManifest.xml:2:1-9:12
MERGED from [:firebase_auth] AndroidManifest.xml:2:1-17:12
MERGED from [:firebase_messaging] AndroidManifest.xml:2:1-48:12
MERGED from [:firebase_core] AndroidManifest.xml:2:1-17:12
MERGED from [:sqflite] AndroidManifest.xml:2:1-9:12
MERGED from [:flutter_local_notifications] AndroidManifest.xml:2:1-31:12
MERGED from [:flutter_share] AndroidManifest.xml:2:1-9:12
MERGED from [:url_launcher_android] AndroidManifest.xml:2:1-16:12
MERGED from [:path_provider_android] AndroidManifest.xml:2:1-9:12
MERGED from [:google_sign_in_android] AndroidManifest.xml:2:1-11:12
MERGED from [:flutter_secure_storage] AndroidManifest.xml:2:1-11:12
MERGED from [:flutter_facebook_auth] AndroidManifest.xml:2:1-9:12
MERGED from [:webview_flutter_android] AndroidManifest.xml:2:1-9:12
MERGED from [:wakelock] AndroidManifest.xml:2:1-9:12
MERGED from [:just_audio] AndroidManifest.xml:2:1-9:12
MERGED from [:shared_preferences_android] AndroidManifest.xml:2:1-9:12
MERGED from [:audioplayers] AndroidManifest.xml:2:1-11:12
MERGED from [:libphonenumber_plugin] AndroidManifest.xml:2:1-9:12
MERGED from [:advance_pdf_viewer] AndroidManifest.xml:2:1-9:12
MERGED from [:audio_session] AndroidManifest.xml:2:1-9:12
MERGED from [:video_player_android] AndroidManifest.xml:2:1-9:12
MERGED from [:libphonenumber] AndroidManifest.xml:2:1-9:12
MERGED from [:flutter_screen_wake] AndroidManifest.xml:2:1-11:12
MERGED from [androidx.window:window-java:1.0.0-beta04] AndroidManifest.xml:17:1-23:12
MERGED from [androidx.window:window:1.0.0-beta04] AndroidManifest.xml:17:1-33:12
MERGED from [com.google.firebase:firebase-core:21.1.1] AndroidManifest.xml:2:1-9:12
MERGED from [com.google.firebase:firebase-analytics:21.1.1] AndroidManifest.xml:2:1-9:12
MERGED from [com.google.firebase:firebase-crashlytics:18.2.13] AndroidManifest.xml:2:1-24:12
MERGED from [com.google.firebase:firebase-auth:21.0.8] AndroidManifest.xml:17:1-73:12
MERGED from [com.google.firebase:firebase-messaging:23.0.8] AndroidManifest.xml:17:1-62:12
MERGED from [com.google.firebase:firebase-datatransport:18.1.6] AndroidManifest.xml:15:1-34:12
MERGED from [com.google.android.datatransport:transport-backend-cct:3.1.7] AndroidManifest.xml:15:1-38:12
MERGED from [com.google.android.datatransport:transport-runtime:3.1.7] AndroidManifest.xml:15:1-41:12
MERGED from [com.google.firebase:firebase-encoders-json:18.0.0] AndroidManifest.xml:15:1-23:12
MERGED from [com.google.android.gms:play-services-measurement-api:21.1.1] AndroidManifest.xml:17:1-37:12
MERGED from [com.google.firebase:firebase-auth-interop:20.0.0] AndroidManifest.xml:2:1-10:12
MERGED from [com.google.firebase:firebase-installations:17.0.2] AndroidManifest.xml:2:1-24:12
MERGED from [com.google.firebase:firebase-common:20.1.2] AndroidManifest.xml:15:1-40:12
MERGED from [com.google.android.gms:play-services-auth:20.0.1] AndroidManifest.xml:17:1-40:12
MERGED from [androidx.webkit:webkit:1.5.0] AndroidManifest.xml:17:1-22:12
MERGED from [com.facebook.android:facebook-login:14.1.1] AndroidManifest.xml:21:1-31:12
MERGED from [com.facebook.android:facebook-common:14.1.1] AndroidManifest.xml:21:1-56:12
MERGED from [com.facebook.android:facebook-core:14.1.1] AndroidManifest.xml:21:1-62:12
MERGED from [com.facebook.android:facebook-bolts:14.1.1] AndroidManifest.xml:21:1-31:12
MERGED from [androidx.core:core-ktx:1.6.0] AndroidManifest.xml:2:1-9:12
MERGED from [com.google.android.exoplayer:exoplayer-hls:2.18.1] AndroidManifest.xml:17:1-24:12
MERGED from [com.google.android.exoplayer:exoplayer-dash:2.18.1] AndroidManifest.xml:17:1-24:12
MERGED from [com.google.android.exoplayer:exoplayer-smoothstreaming:2.18.1] AndroidManifest.xml:17:1-24:12
MERGED from [com.google.android.exoplayer:exoplayer-core:2.18.1] AndroidManifest.xml:17:1-26:12
MERGED from [androidx.browser:browser:1.4.0] AndroidManifest.xml:17:1-24:12
MERGED from [com.google.android.gms:play-services-measurement:21.1.1] AndroidManifest.xml:17:1-46:12
MERGED from [com.google.android.gms:play-services-measurement-sdk:21.1.1] AndroidManifest.xml:17:1-25:12
MERGED from [com.google.android.gms:play-services-safetynet:17.0.0] AndroidManifest.xml:17:1-24:12
MERGED from [com.google.firebase:firebase-installations-interop:17.0.2] AndroidManifest.xml:15:1-23:12
MERGED from [com.google.android.gms:play-services-auth-api-phone:18.0.1] AndroidManifest.xml:2:1-7:12
MERGED from [com.google.android.gms:play-services-auth-base:18.0.1] AndroidManifest.xml:2:1-7:12
MERGED from [com.google.android.gms:play-services-base:18.0.1] AndroidManifest.xml:16:1-24:12
MERGED from [com.google.android.gms:play-services-cloud-messaging:17.0.1] AndroidManifest.xml:2:1-13:12
MERGED from [com.google.firebase:firebase-iid-interop:17.1.0] AndroidManifest.xml:2:1-10:12
MERGED from [com.google.android.gms:play-services-tasks:18.0.1] AndroidManifest.xml:2:1-6:12
MERGED from [com.google.android.gms:play-services-measurement-impl:21.1.1] AndroidManifest.xml:17:1-32:12
MERGED from [com.google.android.gms:play-services-ads-identifier:18.0.0] AndroidManifest.xml:17:1-27:12
MERGED from [com.google.android.gms:play-services-measurement-sdk-api:21.1.1] AndroidManifest.xml:17:1-28:12
MERGED from [com.google.android.gms:play-services-measurement-base:21.1.1] AndroidManifest.xml:2:1-9:12
MERGED from [com.google.android.gms:play-services-stats:17.0.2] AndroidManifest.xml:2:1-9:12
MERGED from [com.google.firebase:firebase-measurement-connector:19.0.0] AndroidManifest.xml:17:1-25:12
MERGED from [com.google.android.gms:play-services-basement:18.1.0] AndroidManifest.xml:16:1-26:12
MERGED from [androidx.legacy:legacy-support-v4:1.0.0] AndroidManifest.xml:17:1-22:12
MERGED from [androidx.legacy:legacy-support-core-ui:1.0.0] AndroidManifest.xml:17:1-22:12
MERGED from [androidx.legacy:legacy-support-core-utils:1.0.0] AndroidManifest.xml:17:1-22:12
MERGED from [androidx.appcompat:appcompat:1.1.0] AndroidManifest.xml:17:1-24:12
MERGED from [androidx.fragment:fragment:1.3.0] AndroidManifest.xml:17:1-24:12
MERGED from [androidx.loader:loader:1.0.0] AndroidManifest.xml:17:1-22:12
MERGED from [androidx.media2:media2-session:1.2.0] AndroidManifest.xml:17:1-36:12
MERGED from [androidx.media2:media2-common:1.2.0] AndroidManifest.xml:17:1-24:12
MERGED from [androidx.activity:activity:1.2.0] AndroidManifest.xml:17:1-24:12
MERGED from [androidx.appcompat:appcompat-resources:1.1.0] AndroidManifest.xml:17:1-24:12
MERGED from [androidx.drawerlayout:drawerlayout:1.0.0] AndroidManifest.xml:17:1-22:12
MERGED from [androidx.media:media:1.4.1] AndroidManifest.xml:17:1-30:12
MERGED from [androidx.viewpager:viewpager:1.0.0] AndroidManifest.xml:17:1-22:12
MERGED from [androidx.vectordrawable:vectordrawable-animated:1.1.0] AndroidManifest.xml:17:1-24:12
MERGED from [androidx.vectordrawable:vectordrawable:1.1.0] AndroidManifest.xml:17:1-24:12
MERGED from [androidx.coordinatorlayout:coordinatorlayout:1.0.0] AndroidManifest.xml:17:1-22:12
MERGED from [androidx.slidingpanelayout:slidingpanelayout:1.0.0] AndroidManifest.xml:17:1-22:12
MERGED from [androidx.customview:customview:1.0.0] AndroidManifest.xml:17:1-22:12
MERGED from [androidx.swiperefreshlayout:swiperefreshlayout:1.0.0] AndroidManifest.xml:17:1-22:12
MERGED from [androidx.asynclayoutinflater:asynclayoutinflater:1.0.0] AndroidManifest.xml:17:1-22:12
MERGED from [androidx.core:core:1.7.0] AndroidManifest.xml:17:1-26:12
MERGED from [androidx.security:security-crypto:1.1.0-alpha03] AndroidManifest.xml:17:1-24:12
MERGED from [androidx.localbroadcastmanager:localbroadcastmanager:1.0.0] AndroidManifest.xml:17:1-22:12
MERGED from [com.google.firebase:firebase-components:17.0.1] AndroidManifest.xml:15:1-23:12
MERGED from [com.google.android.datatransport:transport-api:3.0.0] AndroidManifest.xml:15:1-22:12
MERGED from [androidx.tracing:tracing:1.0.0] AndroidManifest.xml:17:1-24:12
MERGED from [androidx.versionedparcelable:versionedparcelable:1.1.1] AndroidManifest.xml:17:1-27:12
MERGED from [com.google.android.exoplayer:exoplayer-datasource:2.18.1] AndroidManifest.xml:17:1-24:12
MERGED from [com.google.android.exoplayer:exoplayer-extractor:2.18.1] AndroidManifest.xml:17:1-24:12
MERGED from [com.google.android.exoplayer:exoplayer-decoder:2.18.1] AndroidManifest.xml:17:1-24:12
MERGED from [com.google.android.exoplayer:exoplayer-database:2.18.1] AndroidManifest.xml:17:1-24:12
MERGED from [com.google.android.exoplayer:exoplayer-common:2.18.1] AndroidManifest.xml:17:1-26:12
MERGED from [androidx.interpolator:interpolator:1.0.0] AndroidManifest.xml:17:1-22:12
MERGED from [androidx.cardview:cardview:1.0.0] AndroidManifest.xml:17:1-22:12
MERGED from [androidx.cursoradapter:cursoradapter:1.0.0] AndroidManifest.xml:17:1-22:12
MERGED from [androidx.lifecycle:lifecycle-runtime:2.3.1] AndroidManifest.xml:17:1-24:12
MERGED from [androidx.documentfile:documentfile:1.0.0] AndroidManifest.xml:17:1-22:12
MERGED from [androidx.print:print:1.0.0] AndroidManifest.xml:17:1-22:12
MERGED from [androidx.lifecycle:lifecycle-viewmodel-savedstate:2.3.0] AndroidManifest.xml:17:1-24:12
MERGED from [androidx.lifecycle:lifecycle-viewmodel:2.3.0] AndroidManifest.xml:17:1-24:12
MERGED from [androidx.savedstate:savedstate:1.1.0] AndroidManifest.xml:17:1-24:12
MERGED from [androidx.lifecycle:lifecycle-livedata:2.0.0] AndroidManifest.xml:17:1-22:12
MERGED from [androidx.lifecycle:lifecycle-livedata-core:2.3.0] AndroidManifest.xml:17:1-24:12
MERGED from [androidx.arch.core:core-runtime:2.1.0] AndroidManifest.xml:17:1-24:12
MERGED from [com.jakewharton.threetenabp:threetenabp:1.2.3] AndroidManifest.xml:2:1-9:12
MERGED from [androidx.annotation:annotation-experimental:1.1.0] AndroidManifest.xml:17:1-24:12
MERGED from [com.android.installreferrer:installreferrer:1.0] AndroidManifest.xml:2:1-13:12
INJECTED from src\debug\AndroidManifest.xml:1:1-7:12
INJECTED from src\debug\AndroidManifest.xml:1:1-7:12
INJECTED from src\debug\AndroidManifest.xml:1:1-7:12
	package
		ADDED from src\main\AndroidManifest.xml:2:5-54
		INJECTED from src\main\AndroidManifest.xml
		INJECTED from src\debug\AndroidManifest.xml
	android:versionName
		INJECTED from src\main\AndroidManifest.xml
		ADDED from src\main\AndroidManifest.xml:1:1-84:12
		INJECTED from src\debug\AndroidManifest.xml
	android:versionCode
		INJECTED from src\main\AndroidManifest.xml
		ADDED from src\main\AndroidManifest.xml:1:1-84:12
		INJECTED from src\debug\AndroidManifest.xml
	xmlns:android
		ADDED from src\main\AndroidManifest.xml:1:11-69
uses-permission#android.permission.INTERNET
ADDED from src\main\AndroidManifest.xml:3:6-67
MERGED from src\main\AndroidManifest.xml:3:6-67
MERGED from src\main\AndroidManifest.xml:3:6-67
MERGED from [:firebase_messaging] AndroidManifest.xml:9:5-67
MERGED from [:firebase_messaging] AndroidManifest.xml:9:5-67
MERGED from [:google_sign_in_android] AndroidManifest.xml:9:5-67
MERGED from [:google_sign_in_android] AndroidManifest.xml:9:5-67
MERGED from [com.google.firebase:firebase-crashlytics:18.2.13] AndroidManifest.xml:10:5-67
MERGED from [com.google.firebase:firebase-crashlytics:18.2.13] AndroidManifest.xml:10:5-67
MERGED from [com.google.firebase:firebase-auth:21.0.8] AndroidManifest.xml:23:5-67
MERGED from [com.google.firebase:firebase-auth:21.0.8] AndroidManifest.xml:23:5-67
MERGED from [com.google.android.datatransport:transport-backend-cct:3.1.7] AndroidManifest.xml:26:5-67
MERGED from [com.google.android.datatransport:transport-backend-cct:3.1.7] AndroidManifest.xml:26:5-67
MERGED from [com.google.android.gms:play-services-measurement-api:21.1.1] AndroidManifest.xml:22:5-67
MERGED from [com.google.android.gms:play-services-measurement-api:21.1.1] AndroidManifest.xml:22:5-67
MERGED from [com.google.firebase:firebase-installations:17.0.2] AndroidManifest.xml:11:5-67
MERGED from [com.google.firebase:firebase-installations:17.0.2] AndroidManifest.xml:11:5-67
MERGED from [com.google.android.gms:play-services-measurement:21.1.1] AndroidManifest.xml:23:5-67
MERGED from [com.google.android.gms:play-services-measurement:21.1.1] AndroidManifest.xml:23:5-67
MERGED from [com.google.android.gms:play-services-cloud-messaging:17.0.1] AndroidManifest.xml:8:5-67
MERGED from [com.google.android.gms:play-services-cloud-messaging:17.0.1] AndroidManifest.xml:8:5-67
MERGED from [com.google.android.gms:play-services-measurement-impl:21.1.1] AndroidManifest.xml:23:5-67
MERGED from [com.google.android.gms:play-services-measurement-impl:21.1.1] AndroidManifest.xml:23:5-67
MERGED from [com.google.android.gms:play-services-measurement-sdk-api:21.1.1] AndroidManifest.xml:23:5-67
MERGED from [com.google.android.gms:play-services-measurement-sdk-api:21.1.1] AndroidManifest.xml:23:5-67
	android:name
		ADDED from src\main\AndroidManifest.xml:3:23-65
uses-permission#android.permission.ACCESS_NETWORK_STATE
ADDED from src\main\AndroidManifest.xml:4:5-78
MERGED from [:firebase_messaging] AndroidManifest.xml:11:5-79
MERGED from [:firebase_messaging] AndroidManifest.xml:11:5-79
MERGED from [com.google.firebase:firebase-auth:21.0.8] AndroidManifest.xml:24:5-79
MERGED from [com.google.firebase:firebase-auth:21.0.8] AndroidManifest.xml:24:5-79
MERGED from [com.google.firebase:firebase-messaging:23.0.8] AndroidManifest.xml:25:5-79
MERGED from [com.google.firebase:firebase-messaging:23.0.8] AndroidManifest.xml:25:5-79
MERGED from [com.google.android.datatransport:transport-backend-cct:3.1.7] AndroidManifest.xml:25:5-79
MERGED from [com.google.android.datatransport:transport-backend-cct:3.1.7] AndroidManifest.xml:25:5-79
MERGED from [com.google.android.datatransport:transport-runtime:3.1.7] AndroidManifest.xml:22:5-79
MERGED from [com.google.android.datatransport:transport-runtime:3.1.7] AndroidManifest.xml:22:5-79
MERGED from [com.google.android.gms:play-services-measurement-api:21.1.1] AndroidManifest.xml:23:5-79
MERGED from [com.google.android.gms:play-services-measurement-api:21.1.1] AndroidManifest.xml:23:5-79
MERGED from [com.google.firebase:firebase-installations:17.0.2] AndroidManifest.xml:10:5-79
MERGED from [com.google.firebase:firebase-installations:17.0.2] AndroidManifest.xml:10:5-79
MERGED from [com.google.android.exoplayer:exoplayer-core:2.18.1] AndroidManifest.xml:24:5-79
MERGED from [com.google.android.exoplayer:exoplayer-core:2.18.1] AndroidManifest.xml:24:5-79
MERGED from [com.google.android.gms:play-services-measurement:21.1.1] AndroidManifest.xml:24:5-79
MERGED from [com.google.android.gms:play-services-measurement:21.1.1] AndroidManifest.xml:24:5-79
MERGED from [com.google.android.gms:play-services-cloud-messaging:17.0.1] AndroidManifest.xml:7:5-79
MERGED from [com.google.android.gms:play-services-cloud-messaging:17.0.1] AndroidManifest.xml:7:5-79
MERGED from [com.google.android.gms:play-services-measurement-impl:21.1.1] AndroidManifest.xml:24:5-79
MERGED from [com.google.android.gms:play-services-measurement-impl:21.1.1] AndroidManifest.xml:24:5-79
MERGED from [com.google.android.gms:play-services-measurement-sdk-api:21.1.1] AndroidManifest.xml:24:5-79
MERGED from [com.google.android.gms:play-services-measurement-sdk-api:21.1.1] AndroidManifest.xml:24:5-79
MERGED from [com.google.android.exoplayer:exoplayer-common:2.18.1] AndroidManifest.xml:24:5-79
MERGED from [com.google.android.exoplayer:exoplayer-common:2.18.1] AndroidManifest.xml:24:5-79
	android:name
		ADDED from src\main\AndroidManifest.xml:4:22-76
uses-permission#android.permission.ACCESS_COARSE_LOCATION
ADDED from src\main\AndroidManifest.xml:5:5-80
	android:name
		ADDED from src\main\AndroidManifest.xml:5:22-78
uses-sdk
INJECTED from src\main\AndroidManifest.xml reason: use-sdk injection requested
INJECTED from src\main\AndroidManifest.xml
INJECTED from src\main\AndroidManifest.xml
MERGED from [:sms_autofill] AndroidManifest.xml:5:5-7:41
MERGED from [:sms_autofill] AndroidManifest.xml:5:5-7:41
MERGED from [:firebase_auth] AndroidManifest.xml:5:5-7:41
MERGED from [:firebase_auth] AndroidManifest.xml:5:5-7:41
MERGED from [:firebase_messaging] AndroidManifest.xml:5:5-7:41
MERGED from [:firebase_messaging] AndroidManifest.xml:5:5-7:41
MERGED from [:firebase_core] AndroidManifest.xml:5:5-7:41
MERGED from [:firebase_core] AndroidManifest.xml:5:5-7:41
MERGED from [:sqflite] AndroidManifest.xml:5:5-7:41
MERGED from [:sqflite] AndroidManifest.xml:5:5-7:41
MERGED from [:flutter_local_notifications] AndroidManifest.xml:5:5-7:41
MERGED from [:flutter_local_notifications] AndroidManifest.xml:5:5-7:41
MERGED from [:flutter_share] AndroidManifest.xml:5:5-7:41
MERGED from [:flutter_share] AndroidManifest.xml:5:5-7:41
MERGED from [:url_launcher_android] AndroidManifest.xml:5:5-7:41
MERGED from [:url_launcher_android] AndroidManifest.xml:5:5-7:41
MERGED from [:path_provider_android] AndroidManifest.xml:5:5-7:41
MERGED from [:path_provider_android] AndroidManifest.xml:5:5-7:41
MERGED from [:google_sign_in_android] AndroidManifest.xml:5:5-7:41
MERGED from [:google_sign_in_android] AndroidManifest.xml:5:5-7:41
MERGED from [:flutter_secure_storage] AndroidManifest.xml:6:5-9:53
MERGED from [:flutter_secure_storage] AndroidManifest.xml:6:5-9:53
MERGED from [:flutter_facebook_auth] AndroidManifest.xml:5:5-7:41
MERGED from [:flutter_facebook_auth] AndroidManifest.xml:5:5-7:41
MERGED from [:webview_flutter_android] AndroidManifest.xml:5:5-7:41
MERGED from [:webview_flutter_android] AndroidManifest.xml:5:5-7:41
MERGED from [:wakelock] AndroidManifest.xml:5:5-7:41
MERGED from [:wakelock] AndroidManifest.xml:5:5-7:41
MERGED from [:just_audio] AndroidManifest.xml:5:5-7:41
MERGED from [:just_audio] AndroidManifest.xml:5:5-7:41
MERGED from [:shared_preferences_android] AndroidManifest.xml:5:5-7:41
MERGED from [:shared_preferences_android] AndroidManifest.xml:5:5-7:41
MERGED from [:audioplayers] AndroidManifest.xml:7:5-9:41
MERGED from [:audioplayers] AndroidManifest.xml:7:5-9:41
MERGED from [:libphonenumber_plugin] AndroidManifest.xml:5:5-7:41
MERGED from [:libphonenumber_plugin] AndroidManifest.xml:5:5-7:41
MERGED from [:advance_pdf_viewer] AndroidManifest.xml:5:5-7:41
MERGED from [:advance_pdf_viewer] AndroidManifest.xml:5:5-7:41
MERGED from [:audio_session] AndroidManifest.xml:5:5-7:41
MERGED from [:audio_session] AndroidManifest.xml:5:5-7:41
MERGED from [:video_player_android] AndroidManifest.xml:5:5-7:41
MERGED from [:video_player_android] AndroidManifest.xml:5:5-7:41
MERGED from [:libphonenumber] AndroidManifest.xml:5:5-7:41
MERGED from [:libphonenumber] AndroidManifest.xml:5:5-7:41
MERGED from [:flutter_screen_wake] AndroidManifest.xml:5:5-7:41
MERGED from [:flutter_screen_wake] AndroidManifest.xml:5:5-7:41
MERGED from [androidx.window:window-java:1.0.0-beta04] AndroidManifest.xml:19:5-21:41
MERGED from [androidx.window:window-java:1.0.0-beta04] AndroidManifest.xml:19:5-21:41
MERGED from [androidx.window:window:1.0.0-beta04] AndroidManifest.xml:20:5-22:41
MERGED from [androidx.window:window:1.0.0-beta04] AndroidManifest.xml:20:5-22:41
MERGED from [com.google.firebase:firebase-core:21.1.1] AndroidManifest.xml:5:5-44
MERGED from [com.google.firebase:firebase-core:21.1.1] AndroidManifest.xml:5:5-44
MERGED from [com.google.firebase:firebase-analytics:21.1.1] AndroidManifest.xml:5:5-44
MERGED from [com.google.firebase:firebase-analytics:21.1.1] AndroidManifest.xml:5:5-44
MERGED from [com.google.firebase:firebase-crashlytics:18.2.13] AndroidManifest.xml:6:5-8:41
MERGED from [com.google.firebase:firebase-crashlytics:18.2.13] AndroidManifest.xml:6:5-8:41
MERGED from [com.google.firebase:firebase-auth:21.0.8] AndroidManifest.xml:21:5-44
MERGED from [com.google.firebase:firebase-auth:21.0.8] AndroidManifest.xml:21:5-44
MERGED from [com.google.firebase:firebase-messaging:23.0.8] AndroidManifest.xml:21:5-23:41
MERGED from [com.google.firebase:firebase-messaging:23.0.8] AndroidManifest.xml:21:5-23:41
MERGED from [com.google.firebase:firebase-datatransport:18.1.6] AndroidManifest.xml:19:5-21:41
MERGED from [com.google.firebase:firebase-datatransport:18.1.6] AndroidManifest.xml:19:5-21:41
MERGED from [com.google.android.datatransport:transport-backend-cct:3.1.7] AndroidManifest.xml:19:5-21:41
MERGED from [com.google.android.datatransport:transport-backend-cct:3.1.7] AndroidManifest.xml:19:5-21:41
MERGED from [com.google.android.datatransport:transport-runtime:3.1.7] AndroidManifest.xml:18:5-20:41
MERGED from [com.google.android.datatransport:transport-runtime:3.1.7] AndroidManifest.xml:18:5-20:41
MERGED from [com.google.firebase:firebase-encoders-json:18.0.0] AndroidManifest.xml:19:5-21:41
MERGED from [com.google.firebase:firebase-encoders-json:18.0.0] AndroidManifest.xml:19:5-21:41
MERGED from [com.google.android.gms:play-services-measurement-api:21.1.1] AndroidManifest.xml:20:5-44
MERGED from [com.google.android.gms:play-services-measurement-api:21.1.1] AndroidManifest.xml:20:5-44
MERGED from [com.google.firebase:firebase-auth-interop:20.0.0] AndroidManifest.xml:5:5-44
MERGED from [com.google.firebase:firebase-auth-interop:20.0.0] AndroidManifest.xml:5:5-44
MERGED from [com.google.firebase:firebase-installations:17.0.2] AndroidManifest.xml:6:5-8:41
MERGED from [com.google.firebase:firebase-installations:17.0.2] AndroidManifest.xml:6:5-8:41
MERGED from [com.google.firebase:firebase-common:20.1.2] AndroidManifest.xml:20:5-22:41
MERGED from [com.google.firebase:firebase-common:20.1.2] AndroidManifest.xml:20:5-22:41
MERGED from [com.google.android.gms:play-services-auth:20.0.1] AndroidManifest.xml:20:5-44
MERGED from [com.google.android.gms:play-services-auth:20.0.1] AndroidManifest.xml:20:5-44
MERGED from [androidx.webkit:webkit:1.5.0] AndroidManifest.xml:20:5-44
MERGED from [androidx.webkit:webkit:1.5.0] AndroidManifest.xml:20:5-44
MERGED from [com.facebook.android:facebook-login:14.1.1] AndroidManifest.xml:24:5-26:41
MERGED from [com.facebook.android:facebook-login:14.1.1] AndroidManifest.xml:24:5-26:41
MERGED from [com.facebook.android:facebook-common:14.1.1] AndroidManifest.xml:25:5-27:41
MERGED from [com.facebook.android:facebook-common:14.1.1] AndroidManifest.xml:25:5-27:41
MERGED from [com.facebook.android:facebook-core:14.1.1] AndroidManifest.xml:24:5-26:41
MERGED from [com.facebook.android:facebook-core:14.1.1] AndroidManifest.xml:24:5-26:41